<?xml version="1.0" encoding="UTF-8"?>
<testsuite name="assignment_2.BlogPostTest" tests="2" skipped="0" failures="0" errors="0" timestamp="2025-02-19T06:35:02" hostname="DESKTOP-1I34AR0" time="0.047">
  <properties/>
  <testcase name="testBlogPostCreationValid()" classname="assignment_2.BlogPostTest" time="0.038"/>
  <testcase name="testBlogPostCreationInvalidAuthorId()" classname="assignment_2.BlogPostTest" time="0.004"/>
  <system-out><![CDATA[]]></system-out>
  <system-err><![CDATA[]]></system-err>
</testsuite>
